{
  "stats": {
    "suites": 5,
    "tests": 14,
    "passes": 14,
    "pending": 0,
    "failures": 0,
    "start": "2026-06-15T10:01:12.480Z",
    "end": "2026-06-15T10:01:13.356Z",
    "duration": 876,
    "testsRegistered": 14,
    "passPercent": 100,
    "pendingPercent": 0,
    "other": 0,
    "hasOther": false,
    "skipped": 0,
    "hasSkipped": false
  },
  "results": [
    {
      "uuid": "1e9e17f3-d9dd-42f8-b6df-44176a040067",
      "title": "",
      "fullFile": "C:\\Users\\ashmuh\\ecommerce-eurostar\\test\\pathCoverage\\pathCoverage.test.js",
      "file": "\\test\\pathCoverage\\pathCoverage.test.js",
      "beforeHooks": [],
      "afterHooks": [],
      "tests": [],
      "suites": [
        {
          "uuid": "0d36a3e0-2cff-454b-9ed3-da92aaaa97a5",
          "title": "API Path Coverage Tests",
          "fullFile": "C:\\Users\\ashmuh\\ecommerce-eurostar\\test\\pathCoverage\\pathCoverage.test.js",
          "file": "\\test\\pathCoverage\\pathCoverage.test.js",
          "beforeHooks": [],
          "afterHooks": [],
          "tests": [],
          "suites": [
            {
              "uuid": "2b014bf4-84ba-4acf-be84-8686830f980b",
              "title": "GET /healthcheck",
              "fullFile": "C:\\Users\\ashmuh\\ecommerce-eurostar\\test\\pathCoverage\\pathCoverage.test.js",
              "file": "\\test\\pathCoverage\\pathCoverage.test.js",
              "beforeHooks": [],
              "afterHooks": [],
              "tests": [
                {
                  "title": "should return 200 with health status",
                  "fullTitle": "API Path Coverage Tests GET /healthcheck should return 200 with health status",
                  "timedOut": false,
                  "duration": 64,
                  "state": "passed",
                  "speed": "medium",
                  "pass": true,
                  "fail": false,
                  "pending": false,
                  "context": null,
                  "code": "request(BASE_URL)\n  .get('/healthcheck')\n  .end(function(err, res) {\n    expect(err).to.be.null;\n    expect(res.status).to.equal(200);\n    expect(res.body).to.have.property('status');\n    expect(res.body.status).to.equal('ok');\n    expect(res.body).to.have.property('timestamp');\n    done();\n  });",
                  "err": {},
                  "uuid": "56318cb6-abc3-49e6-97c7-5260c2ae231f",
                  "parentUUID": "2b014bf4-84ba-4acf-be84-8686830f980b",
                  "isHook": false,
                  "skipped": false
                }
              ],
              "suites": [],
              "passes": [
                "56318cb6-abc3-49e6-97c7-5260c2ae231f"
              ],
              "failures": [],
              "pending": [],
              "skipped": [],
              "duration": 64,
              "root": false,
              "rootEmpty": false,
              "_timeout": 10000
            },
            {
              "uuid": "ffb96c5e-bae3-4075-929f-d4aeefee22ed",
              "title": "POST /register",
              "fullFile": "C:\\Users\\ashmuh\\ecommerce-eurostar\\test\\pathCoverage\\pathCoverage.test.js",
              "file": "\\test\\pathCoverage\\pathCoverage.test.js",
              "beforeHooks": [],
              "afterHooks": [],
              "tests": [
                {
                  "title": "should register a new user and return JWT token with 201 status",
                  "fullTitle": "API Path Coverage Tests POST /register should register a new user and return JWT token with 201 status",
                  "timedOut": false,
                  "duration": 188,
                  "state": "passed",
                  "speed": "slow",
                  "pass": true,
                  "fail": false,
                  "pending": false,
                  "context": null,
                  "code": "request(BASE_URL)\n  .post('/register')\n  .send(newUser)\n  .end(function(err, res) {\n    expect(err).to.be.null;\n    expect(res.status).to.equal(201);\n    expect(res.body).to.have.property('user');\n    expect(res.body.user).to.have.property('id');\n    expect(res.body.user).to.have.property('email');\n    expect(res.body.user.email).to.equal(newUser.email);\n    expect(res.body.user).to.have.property('name');\n    expect(res.body).to.have.property('token');\n    expect(res.body.token).to.be.a('string');\n    \n    // Store token for checkout test\n    newUserToken = res.body.token;\n    \n    done();\n  });",
                  "err": {},
                  "uuid": "53a8eef2-5727-4a50-b62a-45706c54e683",
                  "parentUUID": "ffb96c5e-bae3-4075-929f-d4aeefee22ed",
                  "isHook": false,
                  "skipped": false
                },
                {
                  "title": "should return 400 if required fields are missing",
                  "fullTitle": "API Path Coverage Tests POST /register should return 400 if required fields are missing",
                  "timedOut": false,
                  "duration": 9,
                  "state": "passed",
                  "speed": "fast",
                  "pass": true,
                  "fail": false,
                  "pending": false,
                  "context": null,
                  "code": "request(BASE_URL)\n  .post('/register')\n  .send({ email: 'test@example.com' })\n  .end(function(err, res) {\n    expect(res.status).to.equal(400);\n    expect(res.body).to.have.property('error');\n    done();\n  });",
                  "err": {},
                  "uuid": "e5a4ed23-c219-4414-b881-61c42fa16e81",
                  "parentUUID": "ffb96c5e-bae3-4075-929f-d4aeefee22ed",
                  "isHook": false,
                  "skipped": false
                },
                {
                  "title": "should return 409 if email already exists",
                  "fullTitle": "API Path Coverage Tests POST /register should return 409 if email already exists",
                  "timedOut": false,
                  "duration": 9,
                  "state": "passed",
                  "speed": "fast",
                  "pass": true,
                  "fail": false,
                  "pending": false,
                  "context": null,
                  "code": "request(BASE_URL)\n  .post('/register')\n  .send({\n    email: 'alice@example.com',\n    password: 'password123',\n    name: 'Alice Test'\n  })\n  .end(function(err, res) {\n    expect(res.status).to.equal(409);\n    expect(res.body).to.have.property('error');\n    done();\n  });",
                  "err": {},
                  "uuid": "fcbe4960-ad0d-4c0e-a32d-ecea50f7b54e",
                  "parentUUID": "ffb96c5e-bae3-4075-929f-d4aeefee22ed",
                  "isHook": false,
                  "skipped": false
                }
              ],
              "suites": [],
              "passes": [
                "53a8eef2-5727-4a50-b62a-45706c54e683",
                "e5a4ed23-c219-4414-b881-61c42fa16e81",
                "fcbe4960-ad0d-4c0e-a32d-ecea50f7b54e"
              ],
              "failures": [],
              "pending": [],
              "skipped": [],
              "duration": 206,
              "root": false,
              "rootEmpty": false,
              "_timeout": 10000
            },
            {
              "uuid": "40736cc7-b2d8-4cf9-9603-b68df2747f4d",
              "title": "POST /login",
              "fullFile": "C:\\Users\\ashmuh\\ecommerce-eurostar\\test\\pathCoverage\\pathCoverage.test.js",
              "file": "\\test\\pathCoverage\\pathCoverage.test.js",
              "beforeHooks": [],
              "afterHooks": [],
              "tests": [
                {
                  "title": "should login existing user and return JWT token with 200 status",
                  "fullTitle": "API Path Coverage Tests POST /login should login existing user and return JWT token with 200 status",
                  "timedOut": false,
                  "duration": 306,
                  "state": "passed",
                  "speed": "slow",
                  "pass": true,
                  "fail": false,
                  "pending": false,
                  "context": null,
                  "code": "request(BASE_URL)\n  .post('/login')\n  .send(existingUser)\n  .end(function(err, res) {\n    expect(err).to.be.null;\n    expect(res.status).to.equal(200);\n    expect(res.body).to.have.property('user');\n    expect(res.body.user).to.have.property('email');\n    expect(res.body.user.email).to.equal(existingUser.email);\n    expect(res.body).to.have.property('token');\n    expect(res.body.token).to.be.a('string');\n    \n    // Store token for checkout test\n    authToken = res.body.token;\n    \n    done();\n  });",
                  "err": {},
                  "uuid": "8b94123a-e275-4d69-8e28-69e10d38fd1a",
                  "parentUUID": "40736cc7-b2d8-4cf9-9603-b68df2747f4d",
                  "isHook": false,
                  "skipped": false
                },
                {
                  "title": "should return 400 if email or password is missing",
                  "fullTitle": "API Path Coverage Tests POST /login should return 400 if email or password is missing",
                  "timedOut": false,
                  "duration": 10,
                  "state": "passed",
                  "speed": "fast",
                  "pass": true,
                  "fail": false,
                  "pending": false,
                  "context": null,
                  "code": "request(BASE_URL)\n  .post('/login')\n  .send({ email: 'test@example.com' })\n  .end(function(err, res) {\n    expect(res.status).to.equal(400);\n    expect(res.body).to.have.property('error');\n    done();\n  });",
                  "err": {},
                  "uuid": "b9cbc809-34b1-45c9-a5c8-3a4e4a1e8acf",
                  "parentUUID": "40736cc7-b2d8-4cf9-9603-b68df2747f4d",
                  "isHook": false,
                  "skipped": false
                },
                {
                  "title": "should return 401 if credentials are invalid",
                  "fullTitle": "API Path Coverage Tests POST /login should return 401 if credentials are invalid",
                  "timedOut": false,
                  "duration": 184,
                  "state": "passed",
                  "speed": "slow",
                  "pass": true,
                  "fail": false,
                  "pending": false,
                  "context": null,
                  "code": "request(BASE_URL)\n  .post('/login')\n  .send({\n    email: 'alice@example.com',\n    password: 'wrongpassword'\n  })\n  .end(function(err, res) {\n    expect(res.status).to.equal(401);\n    expect(res.body).to.have.property('error');\n    done();\n  });",
                  "err": {},
                  "uuid": "59d5c55a-b8f3-43df-a896-0e4f9abc8340",
                  "parentUUID": "40736cc7-b2d8-4cf9-9603-b68df2747f4d",
                  "isHook": false,
                  "skipped": false
                }
              ],
              "suites": [],
              "passes": [
                "8b94123a-e275-4d69-8e28-69e10d38fd1a",
                "b9cbc809-34b1-45c9-a5c8-3a4e4a1e8acf",
                "59d5c55a-b8f3-43df-a896-0e4f9abc8340"
              ],
              "failures": [],
              "pending": [],
              "skipped": [],
              "duration": 500,
              "root": false,
              "rootEmpty": false,
              "_timeout": 10000
            },
            {
              "uuid": "847a8179-4b36-4d19-af3e-ce20a6fd3b81",
              "title": "POST /checkout",
              "fullFile": "C:\\Users\\ashmuh\\ecommerce-eurostar\\test\\pathCoverage\\pathCoverage.test.js",
              "file": "\\test\\pathCoverage\\pathCoverage.test.js",
              "beforeHooks": [],
              "afterHooks": [],
              "tests": [
                {
                  "title": "should checkout successfully with cash payment and 10% discount",
                  "fullTitle": "API Path Coverage Tests POST /checkout should checkout successfully with cash payment and 10% discount",
                  "timedOut": false,
                  "duration": 8,
                  "state": "passed",
                  "speed": "fast",
                  "pass": true,
                  "fail": false,
                  "pending": false,
                  "context": null,
                  "code": "// Ensure we have a token\nif (!authToken) {\n  request(BASE_URL)\n    .post('/login')\n    .send(existingUser)\n    .end(function(err, res) {\n      authToken = res.body.token;\n      performCheckoutWithCash();\n    });\n} else {\n  performCheckoutWithCash();\n}\nfunction performCheckoutWithCash() {\n  request(BASE_URL)\n    .post('/checkout')\n    .set('Authorization', `Bearer ${authToken}`)\n    .send({\n      items: validProducts,\n      paymentMethod: 'cash'\n    })\n    .end(function(err, res) {\n      expect(err).to.be.null;\n      expect(res.status).to.equal(200);\n      expect(res.body).to.have.property('order');\n      expect(res.body.order).to.have.property('items');\n      expect(res.body.order).to.have.property('subtotal');\n      expect(res.body.order).to.have.property('discount');\n      expect(res.body.order.discount).to.be.greaterThan(0); // 10% cash discount\n      expect(res.body.order).to.have.property('total');\n      expect(res.body.order).to.have.property('paymentMethod');\n      expect(res.body.order.paymentMethod).to.equal('cash');\n      done();\n    });\n}",
                  "err": {},
                  "uuid": "9e1c066b-a39e-48d3-98b2-2930646f9d0e",
                  "parentUUID": "847a8179-4b36-4d19-af3e-ce20a6fd3b81",
                  "isHook": false,
                  "skipped": false
                },
                {
                  "title": "should checkout successfully with credit_card payment and no discount",
                  "fullTitle": "API Path Coverage Tests POST /checkout should checkout successfully with credit_card payment and no discount",
                  "timedOut": false,
                  "duration": 9,
                  "state": "passed",
                  "speed": "fast",
                  "pass": true,
                  "fail": false,
                  "pending": false,
                  "context": null,
                  "code": "if (!authToken) {\n  request(BASE_URL)\n    .post('/login')\n    .send(existingUser)\n    .end(function(err, res) {\n      authToken = res.body.token;\n      performCheckoutWithCreditCard();\n    });\n} else {\n  performCheckoutWithCreditCard();\n}\nfunction performCheckoutWithCreditCard() {\n  request(BASE_URL)\n    .post('/checkout')\n    .set('Authorization', `Bearer ${authToken}`)\n    .send({\n      items: validProducts,\n      paymentMethod: 'credit_card'\n    })\n    .end(function(err, res) {\n      expect(err).to.be.null;\n      expect(res.status).to.equal(200);\n      expect(res.body).to.have.property('order');\n      expect(res.body.order).to.have.property('items');\n      expect(res.body.order).to.have.property('subtotal');\n      expect(res.body.order).to.have.property('discount');\n      expect(res.body.order.discount).to.equal(0); // No discount for credit card\n      expect(res.body.order).to.have.property('total');\n      expect(res.body.order.paymentMethod).to.equal('credit_card');\n      done();\n    });\n}",
                  "err": {},
                  "uuid": "cf4d3006-49bc-4e41-b132-c19c07e1056a",
                  "parentUUID": "847a8179-4b36-4d19-af3e-ce20a6fd3b81",
                  "isHook": false,
                  "skipped": false
                },
                {
                  "title": "should return 401 if authorization token is missing",
                  "fullTitle": "API Path Coverage Tests POST /checkout should return 401 if authorization token is missing",
                  "timedOut": false,
                  "duration": 11,
                  "state": "passed",
                  "speed": "fast",
                  "pass": true,
                  "fail": false,
                  "pending": false,
                  "context": null,
                  "code": "request(BASE_URL)\n  .post('/checkout')\n  .send({\n    items: validProducts,\n    paymentMethod: 'cash'\n  })\n  .end(function(err, res) {\n    expect(res.status).to.equal(401);\n    expect(res.body).to.have.property('error');\n    done();\n  });",
                  "err": {},
                  "uuid": "f9024655-2c1b-45a9-aac9-9756967c1cde",
                  "parentUUID": "847a8179-4b36-4d19-af3e-ce20a6fd3b81",
                  "isHook": false,
                  "skipped": false
                },
                {
                  "title": "should return 401 if authorization token is invalid",
                  "fullTitle": "API Path Coverage Tests POST /checkout should return 401 if authorization token is invalid",
                  "timedOut": false,
                  "duration": 8,
                  "state": "passed",
                  "speed": "fast",
                  "pass": true,
                  "fail": false,
                  "pending": false,
                  "context": null,
                  "code": "request(BASE_URL)\n  .post('/checkout')\n  .set('Authorization', 'Bearer invalidtoken')\n  .send({\n    items: validProducts,\n    paymentMethod: 'cash'\n  })\n  .end(function(err, res) {\n    expect(res.status).to.equal(401);\n    expect(res.body).to.have.property('error');\n    done();\n  });",
                  "err": {},
                  "uuid": "5d157127-72b9-4df3-b2ba-2b9b27418cf7",
                  "parentUUID": "847a8179-4b36-4d19-af3e-ce20a6fd3b81",
                  "isHook": false,
                  "skipped": false
                },
                {
                  "title": "should return 400 if payment method is invalid",
                  "fullTitle": "API Path Coverage Tests POST /checkout should return 400 if payment method is invalid",
                  "timedOut": false,
                  "duration": 9,
                  "state": "passed",
                  "speed": "fast",
                  "pass": true,
                  "fail": false,
                  "pending": false,
                  "context": null,
                  "code": "if (!authToken) {\n  request(BASE_URL)\n    .post('/login')\n    .send(existingUser)\n    .end(function(err, res) {\n      authToken = res.body.token;\n      performInvalidPaymentTest();\n    });\n} else {\n  performInvalidPaymentTest();\n}\nfunction performInvalidPaymentTest() {\n  request(BASE_URL)\n    .post('/checkout')\n    .set('Authorization', `Bearer ${authToken}`)\n    .send({\n      items: validProducts,\n      paymentMethod: 'bitcoin'\n    })\n    .end(function(err, res) {\n      expect(res.status).to.equal(400);\n      expect(res.body).to.have.property('error');\n      done();\n    });\n}",
                  "err": {},
                  "uuid": "d1a52642-d771-4c83-b705-ab86ca51a679",
                  "parentUUID": "847a8179-4b36-4d19-af3e-ce20a6fd3b81",
                  "isHook": false,
                  "skipped": false
                },
                {
                  "title": "should return 404 if product does not exist",
                  "fullTitle": "API Path Coverage Tests POST /checkout should return 404 if product does not exist",
                  "timedOut": false,
                  "duration": 8,
                  "state": "passed",
                  "speed": "fast",
                  "pass": true,
                  "fail": false,
                  "pending": false,
                  "context": null,
                  "code": "if (!authToken) {\n  request(BASE_URL)\n    .post('/login')\n    .send(existingUser)\n    .end(function(err, res) {\n      authToken = res.body.token;\n      performNotFoundTest();\n    });\n} else {\n  performNotFoundTest();\n}\nfunction performNotFoundTest() {\n  request(BASE_URL)\n    .post('/checkout')\n    .set('Authorization', `Bearer ${authToken}`)\n    .send({\n      items: [{ productId: 999, quantity: 1 }],\n      paymentMethod: 'cash'\n    })\n    .end(function(err, res) {\n      expect(res.status).to.equal(404);\n      expect(res.body).to.have.property('error');\n      done();\n    });\n}",
                  "err": {},
                  "uuid": "5624505f-14d1-44f3-91e1-eaabcf3b28f9",
                  "parentUUID": "847a8179-4b36-4d19-af3e-ce20a6fd3b81",
                  "isHook": false,
                  "skipped": false
                },
                {
                  "title": "should return 400 if insufficient stock",
                  "fullTitle": "API Path Coverage Tests POST /checkout should return 400 if insufficient stock",
                  "timedOut": false,
                  "duration": 7,
                  "state": "passed",
                  "speed": "fast",
                  "pass": true,
                  "fail": false,
                  "pending": false,
                  "context": null,
                  "code": "if (!authToken) {\n  request(BASE_URL)\n    .post('/login')\n    .send(existingUser)\n    .end(function(err, res) {\n      authToken = res.body.token;\n      performInsufficientStockTest();\n    });\n} else {\n  performInsufficientStockTest();\n}\nfunction performInsufficientStockTest() {\n  request(BASE_URL)\n    .post('/checkout')\n    .set('Authorization', `Bearer ${authToken}`)\n    .send({\n      items: [{ productId: 1, quantity: 10000 }],\n      paymentMethod: 'cash'\n    })\n    .end(function(err, res) {\n      expect(res.status).to.equal(400);\n      expect(res.body).to.have.property('error');\n      done();\n    });\n}",
                  "err": {},
                  "uuid": "4cd61486-dcdd-43a5-baa0-f755fe3b4adb",
                  "parentUUID": "847a8179-4b36-4d19-af3e-ce20a6fd3b81",
                  "isHook": false,
                  "skipped": false
                }
              ],
              "suites": [],
              "passes": [
                "9e1c066b-a39e-48d3-98b2-2930646f9d0e",
                "cf4d3006-49bc-4e41-b132-c19c07e1056a",
                "f9024655-2c1b-45a9-aac9-9756967c1cde",
                "5d157127-72b9-4df3-b2ba-2b9b27418cf7",
                "d1a52642-d771-4c83-b705-ab86ca51a679",
                "5624505f-14d1-44f3-91e1-eaabcf3b28f9",
                "4cd61486-dcdd-43a5-baa0-f755fe3b4adb"
              ],
              "failures": [],
              "pending": [],
              "skipped": [],
              "duration": 60,
              "root": false,
              "rootEmpty": false,
              "_timeout": 10000
            }
          ],
          "passes": [],
          "failures": [],
          "pending": [],
          "skipped": [],
          "duration": 0,
          "root": false,
          "rootEmpty": false,
          "_timeout": 10000
        }
      ],
      "passes": [],
      "failures": [],
      "pending": [],
      "skipped": [],
      "duration": 0,
      "root": true,
      "rootEmpty": true,
      "_timeout": 2000
    }
  ],
  "meta": {
    "mocha": {
      "version": "10.8.2"
    },
    "mochawesome": {
      "options": {
        "quiet": false,
        "reportFilename": "test-report",
        "saveHtml": true,
        "saveJson": true,
        "consoleReporter": "spec",
        "useInlineDiffs": false,
        "code": true
      },
      "version": "7.1.4"
    },
    "marge": {
      "options": {
        "reportDir": "mochawesome-report",
        "reportFilename": "test-report"
      },
      "version": "6.3.2"
    }
  }
}